<?xml version="1.0" encoding="UTF-8"?>
<!-- Generated by org.testng.reporters.JUnitXMLReporter -->
<testsuite ignored="0" hostname="vasundhara" failures="0" tests="12" name="Test" time="0.196" errors="0" timestamp="2023-08-12T08:37:35 IST">
  <testcase classname="batchexecution.Test1" name="demo1" time="0.012"/>
  <testcase classname="batchexecution.Test1" name="demo2" time="0.005"/>
  <testcase classname="batchexecution.Test2" name="demo1" time="0.002"/>
  <testcase classname="batchexecution.Test2" name="demo2" time="0.002"/>
  <testcase classname="batchexecution.Test3" name="demo1" time="0.006"/>
  <testcase classname="batchexecution.Test3" name="demo2" time="0.008"/>
  <testcase classname="batchexecution.Test4" name="demo1" time="0.006"/>
  <testcase classname="batchexecution.Test4" name="demo2" time="0.006"/>
  <testcase classname="batchexecution.Test5" name="demo1" time="0.005"/>
  <testcase classname="batchexecution.Test5" name="demo2" time="0.002"/>
  <testcase classname="batchexecution.Test6" name="demo1" time="0.001"/>
  <testcase classname="batchexecution.Test6" name="demo2" time="0.002"/>
</testsuite> <!-- Test -->
