<?xml version="1.0" encoding="UTF-8"?>
<!-- Generated by org.testng.reporters.JUnitXMLReporter -->
<testsuite ignored="0" hostname="vasundhara" failures="0" tests="4" name="Test Runner 2" time="0.166" errors="0" timestamp="2023-08-12T08:43:18 IST">
  <testcase classname="batchexecution.Test4" name="demo1" time="0.036"/>
  <testcase classname="batchexecution.Test4" name="demo2" time="0.005"/>
  <testcase classname="batchexecution.Test3" name="demo1" time="0.002"/>
  <testcase classname="batchexecution.Test3" name="demo2" time="0.002"/>
</testsuite> <!-- Test Runner 2 -->
