<?xml version="1.0" encoding="UTF-8"?>
<!-- Generated by org.testng.reporters.JUnitXMLReporter -->
<testsuite ignored="0" hostname="vasundhara" failures="0" tests="4" name="Test Runner 3" time="0.166" errors="0" timestamp="2023-08-12T08:43:18 IST">
  <testcase classname="batchexecution.Test6" name="demo1" time="0.023"/>
  <testcase classname="batchexecution.Test6" name="demo2" time="0.006"/>
  <testcase classname="batchexecution.Test5" name="demo1" time="0.007"/>
  <testcase classname="batchexecution.Test5" name="demo2" time="0.016"/>
</testsuite> <!-- Test Runner 3 -->
